{"/Users/jeyoung.park/Dev/b/lightning-inspector/src/aura/viewer/BrowserApi.js": {"path":"/Users/jeyoung.park/Dev/b/lightning-inspector/src/aura/viewer/BrowserApi.js","statementMap":{"0":{"start":{"line":5,"column":0},"end":{"line":5,"column":null}},"1":{"start":{"line":6,"column":0},"end":{"line":6,"column":null}},"2":{"start":{"line":11,"column":8},"end":{"line":11,"column":15}},"3":{"start":{"line":12,"column":12},"end":{"line":12,"column":25}},"4":{"start":{"line":13,"column":16},"end":{"line":15,"column":null}},"5":{"start":{"line":14,"column":20},"end":{"line":14,"column":26}},"6":{"start":{"line":16,"column":16},"end":{"line":16,"column":23}},"7":{"start":{"line":23,"column":8},"end":{"line":25,"column":null}},"8":{"start":{"line":24,"column":12},"end":{"line":24,"column":20}},"9":{"start":{"line":27,"column":8},"end":{"line":27,"column":15}},"10":{"start":{"line":9,"column":0},"end":{"line":9,"column":15}},"11":{"start":{"line":33,"column":4},"end":{"line":35,"column":null}},"12":{"start":{"line":34,"column":8},"end":{"line":34,"column":null}},"13":{"start":{"line":36,"column":4},"end":{"line":36,"column":null}},"14":{"start":{"line":39,"column":13},"end":{"line":39,"column":31}},"15":{"start":{"line":40,"column":15},"end":{"line":40,"column":19}}},"fnMap":{"0":{"name":"(anonymous_1)","decl":{"start":{"line":10,"column":4},"end":{"line":10,"column":25}},"loc":{"start":{"line":10,"column":25},"end":{"line":20,"column":null}}},"1":{"name":"(anonymous_2)","decl":{"start":{"line":11,"column":27},"end":{"line":11,"column":48}},"loc":{"start":{"line":11,"column":48},"end":{"line":11,"column":15}}},"2":{"name":"(anonymous_3)","decl":{"start":{"line":12,"column":67},"end":{"line":12,"column":104}},"loc":{"start":{"line":12,"column":104},"end":{"line":12,"column":25}}},"3":{"name":"(anonymous_4)","decl":{"start":{"line":22,"column":4},"end":{"line":22,"column":25}},"loc":{"start":{"line":22,"column":25},"end":{"line":28,"column":null}}},"4":{"name":"getBrowserApi","decl":{"start":{"line":32,"column":0},"end":{"line":32,"column":25}},"loc":{"start":{"line":32,"column":25},"end":{"line":37,"column":null}}}},"branchMap":{"0":{"loc":{"start":{"line":13,"column":16},"end":{"line":15,"column":null}},"type":"if","locations":[{"start":{"line":13,"column":16},"end":{"line":15,"column":null}},{"start":{"line":13,"column":16},"end":{"line":15,"column":null}}]},"1":{"loc":{"start":{"line":23,"column":8},"end":{"line":25,"column":null}},"type":"if","locations":[{"start":{"line":23,"column":8},"end":{"line":25,"column":null}},{"start":{"line":23,"column":8},"end":{"line":25,"column":null}}]},"2":{"loc":{"start":{"line":33,"column":4},"end":{"line":35,"column":null}},"type":"if","locations":[{"start":{"line":33,"column":4},"end":{"line":35,"column":null}},{"start":{"line":33,"column":4},"end":{"line":35,"column":null}}]}},"s":{"0":1,"1":1,"2":6,"3":6,"4":5,"5":1,"6":5,"7":2,"8":2,"9":0,"10":1,"11":6,"12":4,"13":2,"14":1,"15":1},"f":{"0":6,"1":6,"2":5,"3":2,"4":6},"b":{"0":[1,4],"1":[2,0],"2":[4,2]}}
,"/Users/jeyoung.park/Dev/b/lightning-inspector/src/core/GlobalEventBus.js": {"path":"/Users/jeyoung.park/Dev/b/lightning-inspector/src/core/GlobalEventBus.js","statementMap":{"0":{"start":{"line":1,"column":0},"end":{"line":1,"column":null}},"1":{"start":{"line":3,"column":7},"end":{"line":3,"column":13}},"2":{"start":{"line":4,"column":7},"end":{"line":4,"column":13}},"3":{"start":{"line":5,"column":7},"end":{"line":5,"column":13}},"4":{"start":{"line":54,"column":8},"end":{"line":54,"column":28}},"5":{"start":{"line":58,"column":8},"end":{"line":58,"column":null}},"6":{"start":{"line":58,"column":19},"end":{"line":58,"column":28}},"7":{"start":{"line":59,"column":8},"end":{"line":59,"column":14}},"8":{"start":{"line":61,"column":25},"end":{"line":61,"column":29}},"9":{"start":{"line":62,"column":25},"end":{"line":62,"column":14}},"10":{"start":{"line":70,"column":8},"end":{"line":70,"column":null}},"11":{"start":{"line":71,"column":8},"end":{"line":71,"column":null}},"12":{"start":{"line":75,"column":28},"end":{"line":75,"column":14}},"13":{"start":{"line":76,"column":8},"end":{"line":78,"column":null}},"14":{"start":{"line":77,"column":12},"end":{"line":77,"column":23}},"15":{"start":{"line":80,"column":8},"end":{"line":80,"column":19}},"16":{"start":{"line":84,"column":28},"end":{"line":84,"column":14}},"17":{"start":{"line":85,"column":8},"end":{"line":87,"column":null}},"18":{"start":{"line":86,"column":12},"end":{"line":86,"column":null}},"19":{"start":{"line":88,"column":22},"end":{"line":88,"column":33}},"20":{"start":{"line":89,"column":8},"end":{"line":91,"column":null}},"21":{"start":{"line":90,"column":12},"end":{"line":90,"column":23}},"22":{"start":{"line":95,"column":28},"end":{"line":94,"column":null}},"23":{"start":{"line":97,"column":8},"end":{"line":105,"column":null}},"24":{"start":{"line":98,"column":12},"end":{"line":98,"column":23}},"25":{"start":{"line":99,"column":16},"end":{"line":103,"column":null}},"26":{"start":{"line":100,"column":20},"end":{"line":100,"column":28}},"27":{"start":{"line":102,"column":20},"end":{"line":102,"column":27}},"28":{"start":{"line":115,"column":8},"end":{"line":115,"column":15}},"29":{"start":{"line":125,"column":8},"end":{"line":125,"column":15}},"30":{"start":{"line":132,"column":8},"end":{"line":132,"column":15}},"31":{"start":{"line":52,"column":0},"end":{"line":52,"column":15}},"32":{"start":{"line":138,"column":25},"end":{"line":138,"column":null}}},"fnMap":{"0":{"name":"(anonymous_1)","decl":{"start":{"line":53,"column":4},"end":{"line":53,"column":15}},"loc":{"start":{"line":53,"column":18},"end":{"line":55,"column":null}}},"1":{"name":"(anonymous_2)","decl":{"start":{"line":57,"column":4},"end":{"line":57,"column":11}},"loc":{"start":{"line":57,"column":23},"end":{"line":72,"column":null}}},"2":{"name":"(anonymous_3)","decl":{"start":{"line":74,"column":4},"end":{"line":74,"column":13}},"loc":{"start":{"line":74,"column":29},"end":{"line":81,"column":null}}},"3":{"name":"(anonymous_4)","decl":{"start":{"line":83,"column":4},"end":{"line":83,"column":15}},"loc":{"start":{"line":83,"column":31},"end":{"line":92,"column":null}}},"4":{"name":"(anonymous_5)","decl":{"start":{"line":94,"column":4},"end":{"line":94,"column":19}},"loc":{"start":{"line":94,"column":31},"end":{"line":106,"column":null}}},"5":{"name":"(anonymous_6)","decl":{"start":{"line":98,"column":42},"end":{"line":98,"column":55}},"loc":{"start":{"line":98,"column":55},"end":{"line":98,"column":23}}},"6":{"name":"(anonymous_7)","decl":{"start":{"line":114,"column":4},"end":{"line":114,"column":30}},"loc":{"start":{"line":114,"column":30},"end":{"line":116,"column":null}}},"7":{"name":"(anonymous_8)","decl":{"start":{"line":124,"column":4},"end":{"line":124,"column":36}},"loc":{"start":{"line":124,"column":36},"end":{"line":126,"column":null}}},"8":{"name":"(anonymous_9)","decl":{"start":{"line":131,"column":4},"end":{"line":131,"column":38}},"loc":{"start":{"line":131,"column":38},"end":{"line":133,"column":null}}}},"branchMap":{"0":{"loc":{"start":{"line":58,"column":8},"end":{"line":58,"column":null}},"type":"if","locations":[{"start":{"line":58,"column":8},"end":{"line":58,"column":null}},{"start":{"line":58,"column":8},"end":{"line":58,"column":null}}]},"1":{"loc":{"start":{"line":76,"column":8},"end":{"line":78,"column":null}},"type":"if","locations":[{"start":{"line":76,"column":8},"end":{"line":78,"column":null}},{"start":{"line":76,"column":8},"end":{"line":78,"column":null}}]},"2":{"loc":{"start":{"line":85,"column":8},"end":{"line":87,"column":null}},"type":"if","locations":[{"start":{"line":85,"column":8},"end":{"line":87,"column":null}},{"start":{"line":85,"column":8},"end":{"line":87,"column":null}}]},"3":{"loc":{"start":{"line":89,"column":8},"end":{"line":91,"column":null}},"type":"if","locations":[{"start":{"line":89,"column":8},"end":{"line":91,"column":null}},{"start":{"line":89,"column":8},"end":{"line":91,"column":null}}]},"4":{"loc":{"start":{"line":97,"column":8},"end":{"line":105,"column":null}},"type":"if","locations":[{"start":{"line":97,"column":8},"end":{"line":105,"column":null}},{"start":{"line":97,"column":8},"end":{"line":105,"column":null}}]}},"s":{"0":1,"1":1,"2":1,"3":1,"4":6,"5":5,"6":0,"7":5,"8":5,"9":5,"10":5,"11":5,"12":8,"13":8,"14":5,"15":8,"16":1,"17":1,"18":0,"19":1,"20":1,"21":1,"22":5,"23":5,"24":5,"25":7,"26":7,"27":1,"28":0,"29":0,"30":0,"31":1,"32":1},"f":{"0":6,"1":5,"2":8,"3":1,"4":5,"5":7,"6":0,"7":0,"8":0},"b":{"0":[0,5],"1":[5,3],"2":[0,1],"3":[1,0],"4":[5,0]}}
}
