TN:
SF:/Users/jeyoung.park/Dev/b/lightning-inspector/src/aura/viewer/BrowserApi.js
FN:10,(anonymous_1)
FN:11,(anonymous_2)
FN:12,(anonymous_3)
FN:22,(anonymous_4)
FN:32,getBrowserApi
FNF:5
FNH:5
FNDA:6,(anonymous_1)
FNDA:6,(anonymous_2)
FNDA:5,(anonymous_3)
FNDA:2,(anonymous_4)
FNDA:6,getBrowserApi
DA:5,1
DA:6,1
DA:9,1
DA:11,6
DA:12,6
DA:13,5
DA:14,1
DA:16,5
DA:23,2
DA:24,2
DA:27,0
DA:33,6
DA:34,4
DA:36,2
DA:39,1
DA:40,1
LF:16
LH:15
BRDA:13,0,0,1
BRDA:13,0,1,4
BRDA:23,1,0,2
BRDA:23,1,1,0
BRDA:33,2,0,4
BRDA:33,2,1,2
BRF:6
BRH:5
end_of_record
TN:
SF:/Users/jeyoung.park/Dev/b/lightning-inspector/src/core/GlobalEventBus.js
FN:53,(anonymous_1)
FN:57,(anonymous_2)
FN:74,(anonymous_3)
FN:83,(anonymous_4)
FN:94,(anonymous_5)
FN:98,(anonymous_6)
FN:114,(anonymous_7)
FN:124,(anonymous_8)
FN:131,(anonymous_9)
FNF:9
FNH:6
FNDA:6,(anonymous_1)
FNDA:5,(anonymous_2)
FNDA:8,(anonymous_3)
FNDA:1,(anonymous_4)
FNDA:5,(anonymous_5)
FNDA:7,(anonymous_6)
FNDA:0,(anonymous_7)
FNDA:0,(anonymous_8)
FNDA:0,(anonymous_9)
DA:1,1
DA:3,1
DA:4,1
DA:5,1
DA:52,1
DA:54,6
DA:58,5
DA:59,5
DA:61,5
DA:62,5
DA:70,5
DA:71,5
DA:75,8
DA:76,8
DA:77,5
DA:80,8
DA:84,1
DA:85,1
DA:86,0
DA:88,1
DA:89,1
DA:90,1
DA:95,5
DA:97,5
DA:98,5
DA:99,7
DA:100,7
DA:102,1
DA:115,0
DA:125,0
DA:132,0
DA:138,1
LF:32
LH:28
BRDA:58,0,0,0
BRDA:58,0,1,5
BRDA:76,1,0,5
BRDA:76,1,1,3
BRDA:85,2,0,0
BRDA:85,2,1,1
BRDA:89,3,0,1
BRDA:89,3,1,0
BRDA:97,4,0,5
BRDA:97,4,1,0
BRF:10
BRH:6
end_of_record
