{"/Users/jeyoung.park/Dev/lightning-inspector/src/aura/viewer/BrowserApi.js": {"path":"/Users/jeyoung.park/Dev/lightning-inspector/src/aura/viewer/BrowserApi.js","statementMap":{"0":{"start":{"line":7,"column":8},"end":{"line":14,"column":11}},"1":{"start":{"line":8,"column":12},"end":{"line":13,"column":15}},"2":{"start":{"line":9,"column":16},"end":{"line":11,"column":17}},"3":{"start":{"line":10,"column":20},"end":{"line":10,"column":42}},"4":{"start":{"line":12,"column":16},"end":{"line":12,"column":37}},"5":{"start":{"line":20,"column":4},"end":{"line":22,"column":5}},"6":{"start":{"line":21,"column":8},"end":{"line":21,"column":23}},"7":{"start":{"line":23,"column":4},"end":{"line":23,"column":18}}},"fnMap":{"0":{"name":"(anonymous_0)","decl":{"start":{"line":6,"column":4},"end":{"line":6,"column":5}},"loc":{"start":{"line":6,"column":25},"end":{"line":15,"column":5}},"line":6},"1":{"name":"(anonymous_1)","decl":{"start":{"line":7,"column":27},"end":{"line":7,"column":28}},"loc":{"start":{"line":7,"column":48},"end":{"line":14,"column":9}},"line":7},"2":{"name":"(anonymous_2)","decl":{"start":{"line":8,"column":67},"end":{"line":8,"column":68}},"loc":{"start":{"line":8,"column":104},"end":{"line":13,"column":13}},"line":8},"3":{"name":"getBrowserApi","decl":{"start":{"line":19,"column":9},"end":{"line":19,"column":22}},"loc":{"start":{"line":19,"column":25},"end":{"line":24,"column":1}},"line":19}},"branchMap":{"0":{"loc":{"start":{"line":9,"column":16},"end":{"line":11,"column":17}},"type":"if","locations":[{"start":{"line":9,"column":16},"end":{"line":11,"column":17}},{"start":{"line":9,"column":16},"end":{"line":11,"column":17}}],"line":9},"1":{"loc":{"start":{"line":20,"column":4},"end":{"line":22,"column":5}},"type":"if","locations":[{"start":{"line":20,"column":4},"end":{"line":22,"column":5}},{"start":{"line":20,"column":4},"end":{"line":22,"column":5}}],"line":20}},"s":{"0":6,"1":6,"2":5,"3":1,"4":5,"5":6,"6":4,"7":2},"f":{"0":6,"1":6,"2":5,"3":6},"b":{"0":[1,4],"1":[4,2]},"_coverageSchema":"43e27e138ebf9cfc5966b082cf9a028302ed4184","hash":"2417c4391602ef884898690521677a7cf62061a4"}
,"/Users/jeyoung.park/Dev/lightning-inspector/src/core/GlobalEventBus.js": {"path":"/Users/jeyoung.park/Dev/lightning-inspector/src/core/GlobalEventBus.js","statementMap":{"0":{"start":{"line":3,"column":27},"end":{"line":3,"column":50}},"1":{"start":{"line":4,"column":33},"end":{"line":4,"column":61}},"2":{"start":{"line":5,"column":29},"end":{"line":5,"column":54}},"3":{"start":{"line":54,"column":8},"end":{"line":54,"column":38}},"4":{"start":{"line":58,"column":8},"end":{"line":58,"column":28}},"5":{"start":{"line":58,"column":19},"end":{"line":58,"column":26}},"6":{"start":{"line":59,"column":28},"end":{"line":59,"column":51}},"7":{"start":{"line":61,"column":25},"end":{"line":61,"column":45}},"8":{"start":{"line":62,"column":24},"end":{"line":68,"column":9}},"9":{"start":{"line":70,"column":8},"end":{"line":70,"column":33}},"10":{"start":{"line":71,"column":8},"end":{"line":71,"column":40}},"11":{"start":{"line":75,"column":28},"end":{"line":75,"column":45}},"12":{"start":{"line":76,"column":8},"end":{"line":78,"column":9}},"13":{"start":{"line":77,"column":12},"end":{"line":77,"column":37}},"14":{"start":{"line":80,"column":8},"end":{"line":80,"column":44}},"15":{"start":{"line":84,"column":28},"end":{"line":84,"column":45}},"16":{"start":{"line":85,"column":8},"end":{"line":87,"column":9}},"17":{"start":{"line":86,"column":12},"end":{"line":86,"column":19}},"18":{"start":{"line":88,"column":22},"end":{"line":88,"column":60}},"19":{"start":{"line":89,"column":8},"end":{"line":91,"column":9}},"20":{"start":{"line":90,"column":12},"end":{"line":90,"column":50}},"21":{"start":{"line":95,"column":28},"end":{"line":95,"column":45}},"22":{"start":{"line":97,"column":8},"end":{"line":105,"column":9}},"23":{"start":{"line":98,"column":12},"end":{"line":104,"column":15}},"24":{"start":{"line":99,"column":16},"end":{"line":103,"column":17}},"25":{"start":{"line":100,"column":20},"end":{"line":100,"column":35}},"26":{"start":{"line":102,"column":20},"end":{"line":102,"column":74}},"27":{"start":{"line":115,"column":8},"end":{"line":115,"column":51}},"28":{"start":{"line":125,"column":8},"end":{"line":125,"column":57}},"29":{"start":{"line":132,"column":8},"end":{"line":132,"column":59}},"30":{"start":{"line":138,"column":25},"end":{"line":138,"column":45}}},"fnMap":{"0":{"name":"(anonymous_0)","decl":{"start":{"line":53,"column":4},"end":{"line":53,"column":5}},"loc":{"start":{"line":53,"column":18},"end":{"line":55,"column":5}},"line":53},"1":{"name":"(anonymous_1)","decl":{"start":{"line":57,"column":4},"end":{"line":57,"column":5}},"loc":{"start":{"line":57,"column":23},"end":{"line":72,"column":5}},"line":57},"2":{"name":"(anonymous_2)","decl":{"start":{"line":74,"column":4},"end":{"line":74,"column":5}},"loc":{"start":{"line":74,"column":29},"end":{"line":81,"column":5}},"line":74},"3":{"name":"(anonymous_3)","decl":{"start":{"line":83,"column":4},"end":{"line":83,"column":5}},"loc":{"start":{"line":83,"column":31},"end":{"line":92,"column":5}},"line":83},"4":{"name":"(anonymous_4)","decl":{"start":{"line":94,"column":4},"end":{"line":94,"column":5}},"loc":{"start":{"line":94,"column":31},"end":{"line":106,"column":5}},"line":94},"5":{"name":"(anonymous_5)","decl":{"start":{"line":98,"column":41},"end":{"line":98,"column":42}},"loc":{"start":{"line":98,"column":55},"end":{"line":104,"column":13}},"line":98},"6":{"name":"(anonymous_6)","decl":{"start":{"line":114,"column":4},"end":{"line":114,"column":5}},"loc":{"start":{"line":114,"column":30},"end":{"line":116,"column":5}},"line":114},"7":{"name":"(anonymous_7)","decl":{"start":{"line":124,"column":4},"end":{"line":124,"column":5}},"loc":{"start":{"line":124,"column":36},"end":{"line":126,"column":5}},"line":124},"8":{"name":"(anonymous_8)","decl":{"start":{"line":131,"column":4},"end":{"line":131,"column":5}},"loc":{"start":{"line":131,"column":38},"end":{"line":133,"column":5}},"line":131}},"branchMap":{"0":{"loc":{"start":{"line":58,"column":8},"end":{"line":58,"column":28}},"type":"if","locations":[{"start":{"line":58,"column":8},"end":{"line":58,"column":28}},{"start":{"line":58,"column":8},"end":{"line":58,"column":28}}],"line":58},"1":{"loc":{"start":{"line":76,"column":8},"end":{"line":78,"column":9}},"type":"if","locations":[{"start":{"line":76,"column":8},"end":{"line":78,"column":9}},{"start":{"line":76,"column":8},"end":{"line":78,"column":9}}],"line":76},"2":{"loc":{"start":{"line":85,"column":8},"end":{"line":87,"column":9}},"type":"if","locations":[{"start":{"line":85,"column":8},"end":{"line":87,"column":9}},{"start":{"line":85,"column":8},"end":{"line":87,"column":9}}],"line":85},"3":{"loc":{"start":{"line":89,"column":8},"end":{"line":91,"column":9}},"type":"if","locations":[{"start":{"line":89,"column":8},"end":{"line":91,"column":9}},{"start":{"line":89,"column":8},"end":{"line":91,"column":9}}],"line":89},"4":{"loc":{"start":{"line":97,"column":8},"end":{"line":105,"column":9}},"type":"if","locations":[{"start":{"line":97,"column":8},"end":{"line":105,"column":9}},{"start":{"line":97,"column":8},"end":{"line":105,"column":9}}],"line":97}},"s":{"0":1,"1":1,"2":1,"3":6,"4":5,"5":0,"6":5,"7":5,"8":5,"9":5,"10":5,"11":8,"12":8,"13":5,"14":8,"15":1,"16":1,"17":0,"18":1,"19":1,"20":1,"21":5,"22":5,"23":5,"24":7,"25":7,"26":1,"27":0,"28":0,"29":0,"30":1},"f":{"0":6,"1":5,"2":8,"3":1,"4":5,"5":7,"6":0,"7":0,"8":0},"b":{"0":[0,5],"1":[5,3],"2":[0,1],"3":[1,0],"4":[5,0]},"_coverageSchema":"43e27e138ebf9cfc5966b082cf9a028302ed4184","hash":"cad1c7b9e5a5b866edad037a37853238bdcb7bf2"}
}
