{"/Users/jeyoung.park/Desktop/lightning-inspector-kgray-slds/src/aura/viewer/BrowserApi.js": {"path":"/Users/jeyoung.park/Desktop/lightning-inspector-kgray-slds/src/aura/viewer/BrowserApi.js","statementMap":{"0":{"start":{"line":4,"column":20},"end":{"line":4,"column":43}},"1":{"start":{"line":5,"column":26},"end":{"line":5,"column":54}},"2":{"start":{"line":6,"column":22},"end":{"line":6,"column":47}},"3":{"start":{"line":14,"column":8},"end":{"line":32,"column":11}},"4":{"start":{"line":15,"column":12},"end":{"line":24,"column":13}},"5":{"start":{"line":16,"column":16},"end":{"line":22,"column":17}},"6":{"start":{"line":17,"column":41},"end":{"line":17,"column":45}},"7":{"start":{"line":18,"column":35},"end":{"line":18,"column":56}},"8":{"start":{"line":19,"column":20},"end":{"line":19,"column":36}},"9":{"start":{"line":21,"column":20},"end":{"line":21,"column":30}},"10":{"start":{"line":23,"column":16},"end":{"line":23,"column":23}},"11":{"start":{"line":26,"column":12},"end":{"line":31,"column":15}},"12":{"start":{"line":27,"column":16},"end":{"line":29,"column":17}},"13":{"start":{"line":28,"column":20},"end":{"line":28,"column":42}},"14":{"start":{"line":30,"column":16},"end":{"line":30,"column":37}},"15":{"start":{"line":36,"column":8},"end":{"line":41,"column":9}},"16":{"start":{"line":37,"column":12},"end":{"line":39,"column":13}},"17":{"start":{"line":38,"column":16},"end":{"line":38,"column":46}},"18":{"start":{"line":40,"column":12},"end":{"line":40,"column":30}},"19":{"start":{"line":43,"column":24},"end":{"line":43,"column":60}},"20":{"start":{"line":44,"column":8},"end":{"line":46,"column":9}},"21":{"start":{"line":45,"column":12},"end":{"line":45,"column":30}},"22":{"start":{"line":47,"column":8},"end":{"line":47,"column":23}},"23":{"start":{"line":50,"column":21},"end":{"line":64,"column":5}},"24":{"start":{"line":52,"column":12},"end":{"line":61,"column":13}},"25":{"start":{"line":53,"column":16},"end":{"line":60,"column":18}},"26":{"start":{"line":56,"column":28},"end":{"line":56,"column":53}},"27":{"start":{"line":62,"column":12},"end":{"line":62,"column":50}},"28":{"start":{"line":66,"column":22},"end":{"line":78,"column":5}},"29":{"start":{"line":69,"column":16},"end":{"line":71,"column":17}},"30":{"start":{"line":70,"column":20},"end":{"line":70,"column":30}},"31":{"start":{"line":72,"column":16},"end":{"line":72,"column":70}},"32":{"start":{"line":75,"column":16},"end":{"line":75,"column":79}},"33":{"start":{"line":83,"column":8},"end":{"line":83,"column":59}},"34":{"start":{"line":83,"column":41},"end":{"line":83,"column":56}},"35":{"start":{"line":87,"column":8},"end":{"line":87,"column":32}},"36":{"start":{"line":87,"column":23},"end":{"line":87,"column":30}},"37":{"start":{"line":88,"column":8},"end":{"line":99,"column":9}},"38":{"start":{"line":89,"column":12},"end":{"line":89,"column":121}},"39":{"start":{"line":90,"column":15},"end":{"line":99,"column":9}},"40":{"start":{"line":91,"column":12},"end":{"line":91,"column":70}},"41":{"start":{"line":92,"column":15},"end":{"line":99,"column":9}},"42":{"start":{"line":93,"column":23},"end":{"line":93,"column":41}},"43":{"start":{"line":94,"column":12},"end":{"line":96,"column":13}},"44":{"start":{"line":94,"column":22},"end":{"line":94,"column":23}},"45":{"start":{"line":94,"column":31},"end":{"line":94,"column":42}},"46":{"start":{"line":95,"column":16},"end":{"line":95,"column":74}},"47":{"start":{"line":98,"column":12},"end":{"line":98,"column":93}},"48":{"start":{"line":103,"column":18},"end":{"line":103,"column":20}},"49":{"start":{"line":106,"column":4},"end":{"line":110,"column":5}},"50":{"start":{"line":107,"column":8},"end":{"line":107,"column":23}},"51":{"start":{"line":108,"column":11},"end":{"line":110,"column":5}},"52":{"start":{"line":109,"column":8},"end":{"line":109,"column":22}},"53":{"start":{"line":112,"column":4},"end":{"line":112,"column":16}},"54":{"start":{"line":117,"column":4},"end":{"line":117,"column":106}}},"fnMap":{"0":{"name":"(anonymous_0)","decl":{"start":{"line":13,"column":4},"end":{"line":13,"column":5}},"loc":{"start":{"line":13,"column":31},"end":{"line":33,"column":5}},"line":13},"1":{"name":"(anonymous_1)","decl":{"start":{"line":14,"column":27},"end":{"line":14,"column":28}},"loc":{"start":{"line":14,"column":48},"end":{"line":32,"column":9}},"line":14},"2":{"name":"(anonymous_2)","decl":{"start":{"line":26,"column":67},"end":{"line":26,"column":68}},"loc":{"start":{"line":26,"column":104},"end":{"line":31,"column":13}},"line":26},"3":{"name":"(anonymous_3)","decl":{"start":{"line":35,"column":4},"end":{"line":35,"column":5}},"loc":{"start":{"line":35,"column":25},"end":{"line":48,"column":5}},"line":35},"4":{"name":"(anonymous_4)","decl":{"start":{"line":51,"column":17},"end":{"line":51,"column":18}},"loc":{"start":{"line":51,"column":29},"end":{"line":63,"column":9}},"line":51},"5":{"name":"(anonymous_5)","decl":{"start":{"line":55,"column":37},"end":{"line":55,"column":38}},"loc":{"start":{"line":55,"column":51},"end":{"line":57,"column":25}},"line":55},"6":{"name":"(anonymous_6)","decl":{"start":{"line":59,"column":33},"end":{"line":59,"column":34}},"loc":{"start":{"line":59,"column":39},"end":{"line":59,"column":41}},"line":59},"7":{"name":"(anonymous_7)","decl":{"start":{"line":68,"column":12},"end":{"line":68,"column":13}},"loc":{"start":{"line":68,"column":24},"end":{"line":73,"column":13}},"line":68},"8":{"name":"(anonymous_8)","decl":{"start":{"line":74,"column":18},"end":{"line":74,"column":19}},"loc":{"start":{"line":74,"column":41},"end":{"line":76,"column":13}},"line":74},"9":{"name":"(anonymous_9)","decl":{"start":{"line":82,"column":4},"end":{"line":82,"column":5}},"loc":{"start":{"line":82,"column":31},"end":{"line":84,"column":5}},"line":82},"10":{"name":"(anonymous_10)","decl":{"start":{"line":83,"column":26},"end":{"line":83,"column":27}},"loc":{"start":{"line":83,"column":40},"end":{"line":83,"column":57}},"line":83},"11":{"name":"(anonymous_11)","decl":{"start":{"line":86,"column":4},"end":{"line":86,"column":5}},"loc":{"start":{"line":86,"column":36},"end":{"line":100,"column":5}},"line":86},"12":{"name":"getBrowserApi","decl":{"start":{"line":105,"column":9},"end":{"line":105,"column":22}},"loc":{"start":{"line":105,"column":25},"end":{"line":113,"column":1}},"line":105},"13":{"name":"inBrowser","decl":{"start":{"line":116,"column":9},"end":{"line":116,"column":18}},"loc":{"start":{"line":116,"column":21},"end":{"line":118,"column":1}},"line":116}},"branchMap":{"0":{"loc":{"start":{"line":15,"column":12},"end":{"line":24,"column":13}},"type":"if","locations":[{"start":{"line":15,"column":12},"end":{"line":24,"column":13}},{"start":{"line":15,"column":12},"end":{"line":24,"column":13}}],"line":15},"1":{"loc":{"start":{"line":27,"column":16},"end":{"line":29,"column":17}},"type":"if","locations":[{"start":{"line":27,"column":16},"end":{"line":29,"column":17}},{"start":{"line":27,"column":16},"end":{"line":29,"column":17}}],"line":27},"2":{"loc":{"start":{"line":36,"column":8},"end":{"line":41,"column":9}},"type":"if","locations":[{"start":{"line":36,"column":8},"end":{"line":41,"column":9}},{"start":{"line":36,"column":8},"end":{"line":41,"column":9}}],"line":36},"3":{"loc":{"start":{"line":37,"column":12},"end":{"line":39,"column":13}},"type":"if","locations":[{"start":{"line":37,"column":12},"end":{"line":39,"column":13}},{"start":{"line":37,"column":12},"end":{"line":39,"column":13}}],"line":37},"4":{"loc":{"start":{"line":44,"column":8},"end":{"line":46,"column":9}},"type":"if","locations":[{"start":{"line":44,"column":8},"end":{"line":46,"column":9}},{"start":{"line":44,"column":8},"end":{"line":46,"column":9}}],"line":44},"5":{"loc":{"start":{"line":44,"column":11},"end":{"line":44,"column":52}},"type":"binary-expr","locations":[{"start":{"line":44,"column":11},"end":{"line":44,"column":32}},{"start":{"line":44,"column":36},"end":{"line":44,"column":52}}],"line":44},"6":{"loc":{"start":{"line":52,"column":12},"end":{"line":61,"column":13}},"type":"if","locations":[{"start":{"line":52,"column":12},"end":{"line":61,"column":13}},{"start":{"line":52,"column":12},"end":{"line":61,"column":13}}],"line":52},"7":{"loc":{"start":{"line":69,"column":16},"end":{"line":71,"column":17}},"type":"if","locations":[{"start":{"line":69,"column":16},"end":{"line":71,"column":17}},{"start":{"line":69,"column":16},"end":{"line":71,"column":17}}],"line":69},"8":{"loc":{"start":{"line":87,"column":8},"end":{"line":87,"column":32}},"type":"if","locations":[{"start":{"line":87,"column":8},"end":{"line":87,"column":32}},{"start":{"line":87,"column":8},"end":{"line":87,"column":32}}],"line":87},"9":{"loc":{"start":{"line":88,"column":8},"end":{"line":99,"column":9}},"type":"if","locations":[{"start":{"line":88,"column":8},"end":{"line":99,"column":9}},{"start":{"line":88,"column":8},"end":{"line":99,"column":9}}],"line":88},"10":{"loc":{"start":{"line":90,"column":15},"end":{"line":99,"column":9}},"type":"if","locations":[{"start":{"line":90,"column":15},"end":{"line":99,"column":9}},{"start":{"line":90,"column":15},"end":{"line":99,"column":9}}],"line":90},"11":{"loc":{"start":{"line":92,"column":15},"end":{"line":99,"column":9}},"type":"if","locations":[{"start":{"line":92,"column":15},"end":{"line":99,"column":9}},{"start":{"line":92,"column":15},"end":{"line":99,"column":9}}],"line":92},"12":{"loc":{"start":{"line":93,"column":23},"end":{"line":93,"column":41}},"type":"binary-expr","locations":[{"start":{"line":93,"column":23},"end":{"line":93,"column":35}},{"start":{"line":93,"column":39},"end":{"line":93,"column":41}}],"line":93},"13":{"loc":{"start":{"line":106,"column":4},"end":{"line":110,"column":5}},"type":"if","locations":[{"start":{"line":106,"column":4},"end":{"line":110,"column":5}},{"start":{"line":106,"column":4},"end":{"line":110,"column":5}}],"line":106},"14":{"loc":{"start":{"line":108,"column":11},"end":{"line":110,"column":5}},"type":"if","locations":[{"start":{"line":108,"column":11},"end":{"line":110,"column":5}},{"start":{"line":108,"column":11},"end":{"line":110,"column":5}}],"line":108},"15":{"loc":{"start":{"line":108,"column":14},"end":{"line":108,"column":76}},"type":"binary-expr","locations":[{"start":{"line":108,"column":14},"end":{"line":108,"column":43}},{"start":{"line":108,"column":47},"end":{"line":108,"column":76}}],"line":108},"16":{"loc":{"start":{"line":117,"column":11},"end":{"line":117,"column":105}},"type":"binary-expr","locations":[{"start":{"line":117,"column":11},"end":{"line":117,"column":37}},{"start":{"line":117,"column":42},"end":{"line":117,"column":71}},{"start":{"line":117,"column":75},"end":{"line":117,"column":104}}],"line":117}},"s":{"0":2,"1":2,"2":2,"3":6,"4":6,"5":2,"6":2,"7":2,"8":2,"9":0,"10":2,"11":4,"12":4,"13":1,"14":4,"15":2,"16":2,"17":0,"18":2,"19":0,"20":0,"21":0,"22":0,"23":2,"24":0,"25":0,"26":0,"27":0,"28":2,"29":0,"30":0,"31":0,"32":0,"33":0,"34":0,"35":0,"36":0,"37":0,"38":0,"39":0,"40":0,"41":0,"42":0,"43":0,"44":0,"45":0,"46":0,"47":0,"48":2,"49":4,"50":3,"51":1,"52":1,"53":0,"54":8},"f":{"0":6,"1":6,"2":4,"3":2,"4":0,"5":0,"6":0,"7":0,"8":0,"9":0,"10":0,"11":0,"12":4,"13":8},"b":{"0":[2,4],"1":[1,3],"2":[2,0],"3":[0,2],"4":[0,0],"5":[0,0],"6":[0,0],"7":[0,0],"8":[0,0],"9":[0,0],"10":[0,0],"11":[0,0],"12":[0,0],"13":[3,1],"14":[1,0],"15":[1,1],"16":[8,8,4]},"_coverageSchema":"43e27e138ebf9cfc5966b082cf9a028302ed4184","hash":"027707068ed423e37b26580491a96587a2f00bcf"}
,"/Users/jeyoung.park/Desktop/lightning-inspector-kgray-slds/src/core/GlobalEventBus.js": {"path":"/Users/jeyoung.park/Desktop/lightning-inspector-kgray-slds/src/core/GlobalEventBus.js","statementMap":{"0":{"start":{"line":3,"column":27},"end":{"line":3,"column":50}},"1":{"start":{"line":4,"column":33},"end":{"line":4,"column":61}},"2":{"start":{"line":5,"column":29},"end":{"line":5,"column":54}},"3":{"start":{"line":54,"column":8},"end":{"line":54,"column":38}},"4":{"start":{"line":58,"column":8},"end":{"line":58,"column":28}},"5":{"start":{"line":58,"column":19},"end":{"line":58,"column":26}},"6":{"start":{"line":59,"column":28},"end":{"line":59,"column":51}},"7":{"start":{"line":61,"column":25},"end":{"line":61,"column":45}},"8":{"start":{"line":62,"column":24},"end":{"line":68,"column":9}},"9":{"start":{"line":70,"column":8},"end":{"line":70,"column":33}},"10":{"start":{"line":71,"column":8},"end":{"line":71,"column":40}},"11":{"start":{"line":75,"column":28},"end":{"line":75,"column":45}},"12":{"start":{"line":76,"column":8},"end":{"line":78,"column":9}},"13":{"start":{"line":77,"column":12},"end":{"line":77,"column":37}},"14":{"start":{"line":80,"column":8},"end":{"line":80,"column":44}},"15":{"start":{"line":84,"column":28},"end":{"line":84,"column":45}},"16":{"start":{"line":85,"column":8},"end":{"line":87,"column":9}},"17":{"start":{"line":86,"column":12},"end":{"line":86,"column":19}},"18":{"start":{"line":88,"column":22},"end":{"line":88,"column":60}},"19":{"start":{"line":89,"column":8},"end":{"line":91,"column":9}},"20":{"start":{"line":90,"column":12},"end":{"line":90,"column":50}},"21":{"start":{"line":95,"column":28},"end":{"line":95,"column":45}},"22":{"start":{"line":97,"column":8},"end":{"line":105,"column":9}},"23":{"start":{"line":98,"column":12},"end":{"line":104,"column":15}},"24":{"start":{"line":99,"column":16},"end":{"line":103,"column":17}},"25":{"start":{"line":100,"column":20},"end":{"line":100,"column":35}},"26":{"start":{"line":102,"column":20},"end":{"line":102,"column":74}},"27":{"start":{"line":115,"column":8},"end":{"line":115,"column":51}},"28":{"start":{"line":125,"column":8},"end":{"line":125,"column":57}},"29":{"start":{"line":132,"column":8},"end":{"line":132,"column":59}},"30":{"start":{"line":138,"column":25},"end":{"line":138,"column":45}}},"fnMap":{"0":{"name":"(anonymous_0)","decl":{"start":{"line":53,"column":4},"end":{"line":53,"column":5}},"loc":{"start":{"line":53,"column":18},"end":{"line":55,"column":5}},"line":53},"1":{"name":"(anonymous_1)","decl":{"start":{"line":57,"column":4},"end":{"line":57,"column":5}},"loc":{"start":{"line":57,"column":23},"end":{"line":72,"column":5}},"line":57},"2":{"name":"(anonymous_2)","decl":{"start":{"line":74,"column":4},"end":{"line":74,"column":5}},"loc":{"start":{"line":74,"column":29},"end":{"line":81,"column":5}},"line":74},"3":{"name":"(anonymous_3)","decl":{"start":{"line":83,"column":4},"end":{"line":83,"column":5}},"loc":{"start":{"line":83,"column":31},"end":{"line":92,"column":5}},"line":83},"4":{"name":"(anonymous_4)","decl":{"start":{"line":94,"column":4},"end":{"line":94,"column":5}},"loc":{"start":{"line":94,"column":31},"end":{"line":106,"column":5}},"line":94},"5":{"name":"(anonymous_5)","decl":{"start":{"line":98,"column":41},"end":{"line":98,"column":42}},"loc":{"start":{"line":98,"column":55},"end":{"line":104,"column":13}},"line":98},"6":{"name":"(anonymous_6)","decl":{"start":{"line":114,"column":4},"end":{"line":114,"column":5}},"loc":{"start":{"line":114,"column":30},"end":{"line":116,"column":5}},"line":114},"7":{"name":"(anonymous_7)","decl":{"start":{"line":124,"column":4},"end":{"line":124,"column":5}},"loc":{"start":{"line":124,"column":36},"end":{"line":126,"column":5}},"line":124},"8":{"name":"(anonymous_8)","decl":{"start":{"line":131,"column":4},"end":{"line":131,"column":5}},"loc":{"start":{"line":131,"column":38},"end":{"line":133,"column":5}},"line":131}},"branchMap":{"0":{"loc":{"start":{"line":58,"column":8},"end":{"line":58,"column":28}},"type":"if","locations":[{"start":{"line":58,"column":8},"end":{"line":58,"column":28}},{"start":{"line":58,"column":8},"end":{"line":58,"column":28}}],"line":58},"1":{"loc":{"start":{"line":76,"column":8},"end":{"line":78,"column":9}},"type":"if","locations":[{"start":{"line":76,"column":8},"end":{"line":78,"column":9}},{"start":{"line":76,"column":8},"end":{"line":78,"column":9}}],"line":76},"2":{"loc":{"start":{"line":85,"column":8},"end":{"line":87,"column":9}},"type":"if","locations":[{"start":{"line":85,"column":8},"end":{"line":87,"column":9}},{"start":{"line":85,"column":8},"end":{"line":87,"column":9}}],"line":85},"3":{"loc":{"start":{"line":89,"column":8},"end":{"line":91,"column":9}},"type":"if","locations":[{"start":{"line":89,"column":8},"end":{"line":91,"column":9}},{"start":{"line":89,"column":8},"end":{"line":91,"column":9}}],"line":89},"4":{"loc":{"start":{"line":97,"column":8},"end":{"line":105,"column":9}},"type":"if","locations":[{"start":{"line":97,"column":8},"end":{"line":105,"column":9}},{"start":{"line":97,"column":8},"end":{"line":105,"column":9}}],"line":97}},"s":{"0":3,"1":3,"2":3,"3":8,"4":5,"5":0,"6":5,"7":5,"8":5,"9":5,"10":5,"11":8,"12":8,"13":5,"14":8,"15":1,"16":1,"17":0,"18":1,"19":1,"20":1,"21":5,"22":5,"23":5,"24":7,"25":7,"26":1,"27":0,"28":0,"29":0,"30":3},"f":{"0":8,"1":5,"2":8,"3":1,"4":5,"5":7,"6":0,"7":0,"8":0},"b":{"0":[0,5],"1":[5,3],"2":[0,1],"3":[1,0],"4":[5,0]},"_coverageSchema":"43e27e138ebf9cfc5966b082cf9a028302ed4184","hash":"65668d91b7fb7ec98961529dbf79d2e446b12bad"}
,"/Users/jeyoung.park/Desktop/lightning-inspector-kgray-slds/src/ui/components/StorageCard.js": {"path":"/Users/jeyoung.park/Desktop/lightning-inspector-kgray-slds/src/ui/components/StorageCard.js","statementMap":{"0":{"start":{"line":11,"column":31},"end":{"line":13,"column":5}},"1":{"start":{"line":16,"column":8},"end":{"line":18,"column":10}},"2":{"start":{"line":22,"column":8},"end":{"line":22,"column":64}},"3":{"start":{"line":26,"column":8},"end":{"line":32,"column":38}}},"fnMap":{"0":{"name":"(anonymous_0)","decl":{"start":{"line":15,"column":4},"end":{"line":15,"column":5}},"loc":{"start":{"line":15,"column":22},"end":{"line":19,"column":5}},"line":15},"1":{"name":"(anonymous_1)","decl":{"start":{"line":21,"column":4},"end":{"line":21,"column":5}},"loc":{"start":{"line":21,"column":48},"end":{"line":23,"column":5}},"line":21},"2":{"name":"(anonymous_2)","decl":{"start":{"line":25,"column":4},"end":{"line":25,"column":5}},"loc":{"start":{"line":25,"column":13},"end":{"line":33,"column":5}},"line":25}},"branchMap":{},"s":{"0":2,"1":13,"2":12,"3":13},"f":{"0":13,"1":12,"2":13},"b":{},"_coverageSchema":"43e27e138ebf9cfc5966b082cf9a028302ed4184","hash":"17685beaa7e2165422c364dcf2bb311b6b27f4c6"}
,"/Users/jeyoung.park/Desktop/lightning-inspector-kgray-slds/src/ui/panels/StoragePanel.js": {"path":"/Users/jeyoung.park/Desktop/lightning-inspector-kgray-slds/src/ui/panels/StoragePanel.js","statementMap":{"0":{"start":{"line":11,"column":31},"end":{"line":13,"column":5}},"1":{"start":{"line":16,"column":8},"end":{"line":16,"column":21}},"2":{"start":{"line":18,"column":8},"end":{"line":20,"column":10}},"3":{"start":{"line":22,"column":8},"end":{"line":22,"column":81}},"4":{"start":{"line":23,"column":8},"end":{"line":23,"column":79}},"5":{"start":{"line":25,"column":8},"end":{"line":25,"column":110}},"6":{"start":{"line":26,"column":8},"end":{"line":26,"column":113}},"7":{"start":{"line":27,"column":8},"end":{"line":27,"column":111}},"8":{"start":{"line":31,"column":8},"end":{"line":33,"column":10}},"9":{"start":{"line":40,"column":22},"end":{"line":40,"column":50}},"10":{"start":{"line":42,"column":8},"end":{"line":44,"column":9}},"11":{"start":{"line":43,"column":12},"end":{"line":43,"column":19}},"12":{"start":{"line":46,"column":25},"end":{"line":46,"column":27}},"13":{"start":{"line":47,"column":8},"end":{"line":68,"column":9}},"14":{"start":{"line":47,"column":19},"end":{"line":47,"column":20}},"15":{"start":{"line":48,"column":24},"end":{"line":48,"column":33}},"16":{"start":{"line":49,"column":12},"end":{"line":67,"column":15}},"17":{"start":{"line":70,"column":30},"end":{"line":70,"column":49}},"18":{"start":{"line":71,"column":24},"end":{"line":77,"column":9}},"19":{"start":{"line":79,"column":8},"end":{"line":83,"column":9}},"20":{"start":{"line":80,"column":12},"end":{"line":80,"column":43}},"21":{"start":{"line":82,"column":12},"end":{"line":82,"column":41}},"22":{"start":{"line":88,"column":24},"end":{"line":88,"column":71}},"23":{"start":{"line":89,"column":25},"end":{"line":89,"column":55}},"24":{"start":{"line":91,"column":8},"end":{"line":91,"column":50}},"25":{"start":{"line":91,"column":41},"end":{"line":91,"column":48}},"26":{"start":{"line":94,"column":8},"end":{"line":94,"column":79}},"27":{"start":{"line":94,"column":44},"end":{"line":94,"column":75}},"28":{"start":{"line":98,"column":8},"end":{"line":98,"column":22}},"29":{"start":{"line":102,"column":32},"end":{"line":102,"column":74}},"30":{"start":{"line":103,"column":8},"end":{"line":105,"column":9}},"31":{"start":{"line":104,"column":12},"end":{"line":104,"column":19}},"32":{"start":{"line":107,"column":26},"end":{"line":107,"column":50}},"33":{"start":{"line":108,"column":24},"end":{"line":114,"column":9}},"34":{"start":{"line":116,"column":8},"end":{"line":116,"column":40}},"35":{"start":{"line":120,"column":23},"end":{"line":120,"column":49}},"36":{"start":{"line":121,"column":8},"end":{"line":121,"column":35}},"37":{"start":{"line":125,"column":26},"end":{"line":125,"column":40}},"38":{"start":{"line":126,"column":32},"end":{"line":126,"column":48}},"39":{"start":{"line":128,"column":25},"end":{"line":128,"column":44}},"40":{"start":{"line":129,"column":8},"end":{"line":129,"column":49}},"41":{"start":{"line":131,"column":8},"end":{"line":133,"column":11}},"42":{"start":{"line":137,"column":8},"end":{"line":137,"column":45}},"43":{"start":{"line":141,"column":8},"end":{"line":141,"column":51}},"44":{"start":{"line":143,"column":8},"end":{"line":145,"column":11}},"45":{"start":{"line":149,"column":25},"end":{"line":149,"column":27}},"46":{"start":{"line":150,"column":27},"end":{"line":150,"column":55}},"47":{"start":{"line":152,"column":8},"end":{"line":168,"column":11}},"48":{"start":{"line":153,"column":33},"end":{"line":153,"column":60}},"49":{"start":{"line":154,"column":30},"end":{"line":154,"column":32}},"50":{"start":{"line":156,"column":12},"end":{"line":156,"column":50}},"51":{"start":{"line":157,"column":12},"end":{"line":157,"column":40}},"52":{"start":{"line":159,"column":12},"end":{"line":162,"column":13}},"53":{"start":{"line":160,"column":38},"end":{"line":160,"column":97}},"54":{"start":{"line":161,"column":16},"end":{"line":161,"column":149}},"55":{"start":{"line":164,"column":12},"end":{"line":164,"column":53}},"56":{"start":{"line":165,"column":12},"end":{"line":165,"column":53}},"57":{"start":{"line":167,"column":12},"end":{"line":167,"column":155}},"58":{"start":{"line":170,"column":8},"end":{"line":172,"column":9}},"59":{"start":{"line":171,"column":12},"end":{"line":171,"column":119}},"60":{"start":{"line":174,"column":8},"end":{"line":174,"column":24}},"61":{"start":{"line":178,"column":25},"end":{"line":178,"column":27}},"62":{"start":{"line":179,"column":8},"end":{"line":181,"column":11}},"63":{"start":{"line":180,"column":12},"end":{"line":180,"column":90}},"64":{"start":{"line":182,"column":8},"end":{"line":182,"column":24}},"65":{"start":{"line":186,"column":8},"end":{"line":186,"column":22}},"66":{"start":{"line":190,"column":23},"end":{"line":196,"column":9}},"67":{"start":{"line":198,"column":25},"end":{"line":198,"column":39}},"68":{"start":{"line":200,"column":8},"end":{"line":228,"column":14}}},"fnMap":{"0":{"name":"(anonymous_0)","decl":{"start":{"line":15,"column":4},"end":{"line":15,"column":5}},"loc":{"start":{"line":15,"column":23},"end":{"line":28,"column":5}},"line":15},"1":{"name":"(anonymous_1)","decl":{"start":{"line":30,"column":4},"end":{"line":30,"column":5}},"loc":{"start":{"line":30,"column":22},"end":{"line":34,"column":5}},"line":30},"2":{"name":"(anonymous_2)","decl":{"start":{"line":39,"column":4},"end":{"line":39,"column":5}},"loc":{"start":{"line":39,"column":32},"end":{"line":84,"column":5}},"line":39},"3":{"name":"(anonymous_3)","decl":{"start":{"line":86,"column":4},"end":{"line":86,"column":5}},"loc":{"start":{"line":86,"column":26},"end":{"line":95,"column":5}},"line":86},"4":{"name":"(anonymous_4)","decl":{"start":{"line":94,"column":28},"end":{"line":94,"column":29}},"loc":{"start":{"line":94,"column":42},"end":{"line":94,"column":77}},"line":94},"5":{"name":"(anonymous_5)","decl":{"start":{"line":97,"column":4},"end":{"line":97,"column":5}},"loc":{"start":{"line":97,"column":37},"end":{"line":99,"column":5}},"line":97},"6":{"name":"(anonymous_6)","decl":{"start":{"line":101,"column":4},"end":{"line":101,"column":5}},"loc":{"start":{"line":101,"column":30},"end":{"line":117,"column":5}},"line":101},"7":{"name":"(anonymous_7)","decl":{"start":{"line":119,"column":4},"end":{"line":119,"column":5}},"loc":{"start":{"line":119,"column":19},"end":{"line":122,"column":5}},"line":119},"8":{"name":"(anonymous_8)","decl":{"start":{"line":124,"column":4},"end":{"line":124,"column":5}},"loc":{"start":{"line":124,"column":41},"end":{"line":134,"column":5}},"line":124},"9":{"name":"(anonymous_9)","decl":{"start":{"line":136,"column":4},"end":{"line":136,"column":5}},"loc":{"start":{"line":136,"column":46},"end":{"line":138,"column":5}},"line":136},"10":{"name":"(anonymous_10)","decl":{"start":{"line":140,"column":4},"end":{"line":140,"column":5}},"loc":{"start":{"line":140,"column":45},"end":{"line":146,"column":5}},"line":140},"11":{"name":"(anonymous_11)","decl":{"start":{"line":148,"column":4},"end":{"line":148,"column":5}},"loc":{"start":{"line":148,"column":25},"end":{"line":175,"column":5}},"line":148},"12":{"name":"(anonymous_12)","decl":{"start":{"line":152,"column":36},"end":{"line":152,"column":37}},"loc":{"start":{"line":152,"column":68},"end":{"line":168,"column":9}},"line":152},"13":{"name":"(anonymous_13)","decl":{"start":{"line":177,"column":4},"end":{"line":177,"column":5}},"loc":{"start":{"line":177,"column":29},"end":{"line":183,"column":5}},"line":177},"14":{"name":"(anonymous_14)","decl":{"start":{"line":179,"column":36},"end":{"line":179,"column":37}},"loc":{"start":{"line":179,"column":68},"end":{"line":181,"column":9}},"line":179},"15":{"name":"(anonymous_15)","decl":{"start":{"line":185,"column":4},"end":{"line":185,"column":5}},"loc":{"start":{"line":185,"column":24},"end":{"line":187,"column":5}},"line":185},"16":{"name":"(anonymous_16)","decl":{"start":{"line":189,"column":4},"end":{"line":189,"column":5}},"loc":{"start":{"line":189,"column":13},"end":{"line":229,"column":5}},"line":189}},"branchMap":{"0":{"loc":{"start":{"line":40,"column":22},"end":{"line":40,"column":50}},"type":"binary-expr","locations":[{"start":{"line":40,"column":22},"end":{"line":40,"column":28}},{"start":{"line":40,"column":32},"end":{"line":40,"column":45}},{"start":{"line":40,"column":49},"end":{"line":40,"column":50}}],"line":40},"1":{"loc":{"start":{"line":42,"column":8},"end":{"line":44,"column":9}},"type":"if","locations":[{"start":{"line":42,"column":8},"end":{"line":44,"column":9}},{"start":{"line":42,"column":8},"end":{"line":44,"column":9}}],"line":42},"2":{"loc":{"start":{"line":91,"column":8},"end":{"line":91,"column":50}},"type":"if","locations":[{"start":{"line":91,"column":8},"end":{"line":91,"column":50}},{"start":{"line":91,"column":8},"end":{"line":91,"column":50}}],"line":91},"3":{"loc":{"start":{"line":91,"column":11},"end":{"line":91,"column":37}},"type":"binary-expr","locations":[{"start":{"line":91,"column":11},"end":{"line":91,"column":20}},{"start":{"line":91,"column":24},"end":{"line":91,"column":37}}],"line":91},"4":{"loc":{"start":{"line":103,"column":8},"end":{"line":105,"column":9}},"type":"if","locations":[{"start":{"line":103,"column":8},"end":{"line":105,"column":9}},{"start":{"line":103,"column":8},"end":{"line":105,"column":9}}],"line":103},"5":{"loc":{"start":{"line":103,"column":11},"end":{"line":103,"column":68}},"type":"binary-expr","locations":[{"start":{"line":103,"column":11},"end":{"line":103,"column":39}},{"start":{"line":103,"column":43},"end":{"line":103,"column":68}}],"line":103},"6":{"loc":{"start":{"line":159,"column":12},"end":{"line":162,"column":13}},"type":"if","locations":[{"start":{"line":159,"column":12},"end":{"line":162,"column":13}},{"start":{"line":159,"column":12},"end":{"line":162,"column":13}}],"line":159},"7":{"loc":{"start":{"line":165,"column":30},"end":{"line":165,"column":52}},"type":"binary-expr","locations":[{"start":{"line":165,"column":30},"end":{"line":165,"column":46}},{"start":{"line":165,"column":50},"end":{"line":165,"column":52}}],"line":165},"8":{"loc":{"start":{"line":170,"column":8},"end":{"line":172,"column":9}},"type":"if","locations":[{"start":{"line":170,"column":8},"end":{"line":172,"column":9}},{"start":{"line":170,"column":8},"end":{"line":172,"column":9}}],"line":170}},"s":{"0":1,"1":6,"2":6,"3":6,"4":6,"5":6,"6":6,"7":6,"8":23,"9":10,"10":10,"11":5,"12":5,"13":5,"14":5,"15":5,"16":5,"17":5,"18":5,"19":5,"20":5,"21":0,"22":6,"23":6,"24":6,"25":6,"26":0,"27":0,"28":0,"29":0,"30":0,"31":0,"32":0,"33":0,"34":0,"35":6,"36":6,"37":12,"38":12,"39":12,"40":12,"41":12,"42":6,"43":5,"44":5,"45":23,"46":23,"47":23,"48":17,"49":17,"50":17,"51":17,"52":17,"53":4,"54":4,"55":17,"56":17,"57":17,"58":23,"59":6,"60":17,"61":23,"62":23,"63":17,"64":23,"65":6,"66":23,"67":23,"68":23},"f":{"0":6,"1":23,"2":10,"3":6,"4":0,"5":0,"6":0,"7":6,"8":12,"9":6,"10":5,"11":23,"12":17,"13":23,"14":17,"15":6,"16":23},"b":{"0":[10,5,5],"1":[5,5],"2":[6,0],"3":[6,0],"4":[0,0],"5":[0,0],"6":[4,13],"7":[17,17],"8":[6,17]},"_coverageSchema":"43e27e138ebf9cfc5966b082cf9a028302ed4184","hash":"d3ebe315d7ddc94b17be0ac7c85d760bc6fee34c"}
}
