TN:
SF:/Users/jeyoung.park/Dev/lightning-inspector/src/aura/viewer/BrowserApi.js
FN:6,(anonymous_0)
FN:7,(anonymous_1)
FN:8,(anonymous_2)
FN:19,getBrowserApi
FNF:4
FNH:4
FNDA:6,(anonymous_0)
FNDA:6,(anonymous_1)
FNDA:5,(anonymous_2)
FNDA:6,getBrowserApi
DA:7,6
DA:8,6
DA:9,5
DA:10,1
DA:12,5
DA:20,6
DA:21,4
DA:23,2
LF:8
LH:8
BRDA:9,0,0,1
BRDA:9,0,1,4
BRDA:20,1,0,4
BRDA:20,1,1,2
BRF:4
BRH:4
end_of_record
TN:
SF:/Users/jeyoung.park/Dev/lightning-inspector/src/core/GlobalEventBus.js
FN:53,(anonymous_0)
FN:57,(anonymous_1)
FN:74,(anonymous_2)
FN:83,(anonymous_3)
FN:94,(anonymous_4)
FN:98,(anonymous_5)
FN:114,(anonymous_6)
FN:124,(anonymous_7)
FN:131,(anonymous_8)
FNF:9
FNH:6
FNDA:6,(anonymous_0)
FNDA:5,(anonymous_1)
FNDA:8,(anonymous_2)
FNDA:1,(anonymous_3)
FNDA:5,(anonymous_4)
FNDA:7,(anonymous_5)
FNDA:0,(anonymous_6)
FNDA:0,(anonymous_7)
FNDA:0,(anonymous_8)
DA:3,1
DA:4,1
DA:5,1
DA:54,6
DA:58,5
DA:59,5
DA:61,5
DA:62,5
DA:70,5
DA:71,5
DA:75,8
DA:76,8
DA:77,5
DA:80,8
DA:84,1
DA:85,1
DA:86,0
DA:88,1
DA:89,1
DA:90,1
DA:95,5
DA:97,5
DA:98,5
DA:99,7
DA:100,7
DA:102,1
DA:115,0
DA:125,0
DA:132,0
DA:138,1
LF:30
LH:26
BRDA:58,0,0,0
BRDA:58,0,1,5
BRDA:76,1,0,5
BRDA:76,1,1,3
BRDA:85,2,0,0
BRDA:85,2,1,1
BRDA:89,3,0,1
BRDA:89,3,1,0
BRDA:97,4,0,5
BRDA:97,4,1,0
BRF:10
BRH:6
end_of_record
