TN:
SF:/Users/jeyoung.park/Desktop/lightning-inspector-kgray-slds/src/aura/viewer/BrowserApi.js
FN:13,(anonymous_0)
FN:14,(anonymous_1)
FN:26,(anonymous_2)
FN:35,(anonymous_3)
FN:51,(anonymous_4)
FN:55,(anonymous_5)
FN:59,(anonymous_6)
FN:68,(anonymous_7)
FN:74,(anonymous_8)
FN:82,(anonymous_9)
FN:83,(anonymous_10)
FN:86,(anonymous_11)
FN:105,getBrowserApi
FN:116,inBrowser
FNF:14
FNH:6
FNDA:6,(anonymous_0)
FNDA:6,(anonymous_1)
FNDA:4,(anonymous_2)
FNDA:2,(anonymous_3)
FNDA:0,(anonymous_4)
FNDA:0,(anonymous_5)
FNDA:0,(anonymous_6)
FNDA:0,(anonymous_7)
FNDA:0,(anonymous_8)
FNDA:0,(anonymous_9)
FNDA:0,(anonymous_10)
FNDA:0,(anonymous_11)
FNDA:4,getBrowserApi
FNDA:8,inBrowser
DA:4,2
DA:5,2
DA:6,2
DA:14,6
DA:15,6
DA:16,2
DA:17,2
DA:18,2
DA:19,2
DA:21,0
DA:23,2
DA:26,4
DA:27,4
DA:28,1
DA:30,4
DA:36,2
DA:37,2
DA:38,0
DA:40,2
DA:43,0
DA:44,0
DA:45,0
DA:47,0
DA:50,2
DA:52,0
DA:53,0
DA:56,0
DA:62,0
DA:66,2
DA:69,0
DA:70,0
DA:72,0
DA:75,0
DA:83,0
DA:87,0
DA:88,0
DA:89,0
DA:90,0
DA:91,0
DA:92,0
DA:93,0
DA:94,0
DA:95,0
DA:98,0
DA:103,2
DA:106,4
DA:107,3
DA:108,1
DA:109,1
DA:112,0
DA:117,8
LF:51
LH:25
BRDA:15,0,0,2
BRDA:15,0,1,4
BRDA:27,1,0,1
BRDA:27,1,1,3
BRDA:36,2,0,2
BRDA:36,2,1,0
BRDA:37,3,0,0
BRDA:37,3,1,2
BRDA:44,4,0,0
BRDA:44,4,1,0
BRDA:44,5,0,0
BRDA:44,5,1,0
BRDA:52,6,0,0
BRDA:52,6,1,0
BRDA:69,7,0,0
BRDA:69,7,1,0
BRDA:87,8,0,0
BRDA:87,8,1,0
BRDA:88,9,0,0
BRDA:88,9,1,0
BRDA:90,10,0,0
BRDA:90,10,1,0
BRDA:92,11,0,0
BRDA:92,11,1,0
BRDA:93,12,0,0
BRDA:93,12,1,0
BRDA:106,13,0,3
BRDA:106,13,1,1
BRDA:108,14,0,1
BRDA:108,14,1,0
BRDA:108,15,0,1
BRDA:108,15,1,1
BRDA:117,16,0,8
BRDA:117,16,1,8
BRDA:117,16,2,4
BRF:35
BRH:14
end_of_record
TN:
SF:/Users/jeyoung.park/Desktop/lightning-inspector-kgray-slds/src/core/GlobalEventBus.js
FN:53,(anonymous_0)
FN:57,(anonymous_1)
FN:74,(anonymous_2)
FN:83,(anonymous_3)
FN:94,(anonymous_4)
FN:98,(anonymous_5)
FN:114,(anonymous_6)
FN:124,(anonymous_7)
FN:131,(anonymous_8)
FNF:9
FNH:6
FNDA:8,(anonymous_0)
FNDA:5,(anonymous_1)
FNDA:8,(anonymous_2)
FNDA:1,(anonymous_3)
FNDA:5,(anonymous_4)
FNDA:7,(anonymous_5)
FNDA:0,(anonymous_6)
FNDA:0,(anonymous_7)
FNDA:0,(anonymous_8)
DA:3,3
DA:4,3
DA:5,3
DA:54,8
DA:58,5
DA:59,5
DA:61,5
DA:62,5
DA:70,5
DA:71,5
DA:75,8
DA:76,8
DA:77,5
DA:80,8
DA:84,1
DA:85,1
DA:86,0
DA:88,1
DA:89,1
DA:90,1
DA:95,5
DA:97,5
DA:98,5
DA:99,7
DA:100,7
DA:102,1
DA:115,0
DA:125,0
DA:132,0
DA:138,3
LF:30
LH:26
BRDA:58,0,0,0
BRDA:58,0,1,5
BRDA:76,1,0,5
BRDA:76,1,1,3
BRDA:85,2,0,0
BRDA:85,2,1,1
BRDA:89,3,0,1
BRDA:89,3,1,0
BRDA:97,4,0,5
BRDA:97,4,1,0
BRF:10
BRH:6
end_of_record
TN:
SF:/Users/jeyoung.park/Desktop/lightning-inspector-kgray-slds/src/ui/components/StorageCard.js
FN:15,(anonymous_0)
FN:21,(anonymous_1)
FN:25,(anonymous_2)
FNF:3
FNH:3
FNDA:13,(anonymous_0)
FNDA:12,(anonymous_1)
FNDA:13,(anonymous_2)
DA:11,2
DA:16,13
DA:22,12
DA:26,13
LF:4
LH:4
BRF:0
BRH:0
end_of_record
TN:
SF:/Users/jeyoung.park/Desktop/lightning-inspector-kgray-slds/src/ui/panels/StoragePanel.js
FN:15,(anonymous_0)
FN:30,(anonymous_1)
FN:39,(anonymous_2)
FN:86,(anonymous_3)
FN:94,(anonymous_4)
FN:97,(anonymous_5)
FN:101,(anonymous_6)
FN:119,(anonymous_7)
FN:124,(anonymous_8)
FN:136,(anonymous_9)
FN:140,(anonymous_10)
FN:148,(anonymous_11)
FN:152,(anonymous_12)
FN:177,(anonymous_13)
FN:179,(anonymous_14)
FN:185,(anonymous_15)
FN:189,(anonymous_16)
FNF:17
FNH:14
FNDA:6,(anonymous_0)
FNDA:23,(anonymous_1)
FNDA:10,(anonymous_2)
FNDA:6,(anonymous_3)
FNDA:0,(anonymous_4)
FNDA:0,(anonymous_5)
FNDA:0,(anonymous_6)
FNDA:6,(anonymous_7)
FNDA:12,(anonymous_8)
FNDA:6,(anonymous_9)
FNDA:5,(anonymous_10)
FNDA:23,(anonymous_11)
FNDA:17,(anonymous_12)
FNDA:23,(anonymous_13)
FNDA:17,(anonymous_14)
FNDA:6,(anonymous_15)
FNDA:23,(anonymous_16)
DA:11,1
DA:16,6
DA:18,6
DA:22,6
DA:23,6
DA:25,6
DA:26,6
DA:27,6
DA:31,23
DA:40,10
DA:42,10
DA:43,5
DA:46,5
DA:47,5
DA:48,5
DA:49,5
DA:70,5
DA:71,5
DA:79,5
DA:80,5
DA:82,0
DA:88,6
DA:89,6
DA:91,6
DA:94,0
DA:98,0
DA:102,0
DA:103,0
DA:104,0
DA:107,0
DA:108,0
DA:116,0
DA:120,6
DA:121,6
DA:125,12
DA:126,12
DA:128,12
DA:129,12
DA:131,12
DA:137,6
DA:141,5
DA:143,5
DA:149,23
DA:150,23
DA:152,23
DA:153,17
DA:154,17
DA:156,17
DA:157,17
DA:159,17
DA:160,4
DA:161,4
DA:164,17
DA:165,17
DA:167,17
DA:170,23
DA:171,6
DA:174,17
DA:178,23
DA:179,23
DA:180,17
DA:182,23
DA:186,6
DA:190,23
DA:198,23
DA:200,23
LF:66
LH:57
BRDA:40,0,0,10
BRDA:40,0,1,5
BRDA:40,0,2,5
BRDA:42,1,0,5
BRDA:42,1,1,5
BRDA:91,2,0,6
BRDA:91,2,1,0
BRDA:91,3,0,6
BRDA:91,3,1,0
BRDA:103,4,0,0
BRDA:103,4,1,0
BRDA:103,5,0,0
BRDA:103,5,1,0
BRDA:159,6,0,4
BRDA:159,6,1,13
BRDA:165,7,0,17
BRDA:165,7,1,17
BRDA:170,8,0,6
BRDA:170,8,1,17
BRF:19
BRH:13
end_of_record
